linux - Linux 5.18.7-zen1-1-zen x64

2022-07-07T15:16:13.224Z [info] Listening on port 6595
2022-07-07T15:16:16.160Z [info] Currently running deemix-gui version 2022.4.28-r202.475ccfc850
2022-07-07T15:16:16.160Z [info] deemix-lib version 3.6.9
2022-07-07T15:20:42.086Z [info] Adding https://open.spotify.com/track/5mnvugwfFYnJm9zuyGkgqF?si=865513b080264ba6 to queue
2022-07-07T15:20:43.246Z [info] [track_721061572_1] Asim Azhar - Ghalat Fehmi (From "Superstar") :: Getting tags.
2022-07-07T15:20:44.332Z [info] [track_721061572_1] Asim Azhar - Ghalat Fehmi (From "Superstar") :: Tags got.
2022-07-07T15:20:44.333Z [info] [track_721061572_1] Asim Azhar - Ghalat Fehmi (From "Superstar") :: Getting download URL.
2022-07-07T15:20:45.050Z [info] [track_721061572_1] Asim Azhar - Ghalat Fehmi (From "Superstar") :: Download URL got.
2022-07-07T15:20:45.088Z [info] [track_721061572_1] Asim Azhar - Ghalat Fehmi (From "Superstar") :: Downloading album art.
2022-07-07T15:20:46.077Z [info] [track_721061572_1] Asim Azhar - Ghalat Fehmi (From "Superstar") :: Album art downloaded.
2022-07-07T15:20:47.537Z [info] [track_721061572_1] Asim Azhar - Ghalat Fehmi (From "Superstar") :: Downloading track. Downloading 4577070 bytes.
2022-07-07T15:20:47.957Z [info] [track_721061572_1] Download at 2%
2022-07-07T15:20:48.367Z [info] [track_721061572_1] Download at 4%
2022-07-07T15:20:48.394Z [info] [track_721061572_1] Download at 6%
2022-07-07T15:20:48.463Z [info] [track_721061572_1] Download at 8%
2022-07-07T15:20:48.525Z [info] [track_721061572_1] Download at 10%
2022-07-07T15:20:48.593Z [info] [track_721061572_1] Download at 12%
2022-07-07T15:20:48.770Z [info] [track_721061572_1] Download at 14%
2022-07-07T15:20:48.998Z [info] [track_721061572_1] Download at 16%
2022-07-07T15:20:49.200Z [info] [track_721061572_1] Download at 18%
2022-07-07T15:20:49.269Z [info] [track_721061572_1] Download at 20%
2022-07-07T15:20:49.339Z [info] [track_721061572_1] Download at 22%
2022-07-07T15:20:49.362Z [info] [track_721061572_1] Download at 24%
2022-07-07T15:20:49.423Z [info] [track_721061572_1] Download at 26%
2022-07-07T15:20:49.497Z [info] [track_721061572_1] Download at 28%
2022-07-07T15:20:49.510Z [info] [track_721061572_1] Download at 30%
2022-07-07T15:20:49.585Z [info] [track_721061572_1] Download at 32%
2022-07-07T15:20:49.656Z [info] [track_721061572_1] Download at 34%
2022-07-07T15:20:49.739Z [info] [track_721061572_1] Download at 36%
2022-07-07T15:20:49.772Z [info] [track_721061572_1] Download at 38%
2022-07-07T15:20:49.852Z [info] [track_721061572_1] Download at 40%
2022-07-07T15:20:49.931Z [info] [track_721061572_1] Download at 42%
2022-07-07T15:20:49.954Z [info] [track_721061572_1] Download at 44%
2022-07-07T15:20:50.021Z [info] [track_721061572_1] Download at 46%
2022-07-07T15:20:50.097Z [info] [track_721061572_1] Download at 48%
2022-07-07T15:20:50.187Z [info] [track_721061572_1] Download at 50%
2022-07-07T15:20:50.289Z [info] [track_721061572_1] Download at 52%
2022-07-07T15:20:50.372Z [info] [track_721061572_1] Download at 54%
2022-07-07T15:20:50.446Z [info] [track_721061572_1] Download at 56%
2022-07-07T15:20:50.522Z [info] [track_721061572_1] Download at 58%
2022-07-07T15:20:50.588Z [info] [track_721061572_1] Download at 60%
2022-07-07T15:20:50.689Z [info] [track_721061572_1] Download at 62%
2022-07-07T15:20:50.770Z [info] [track_721061572_1] Download at 64%
2022-07-07T15:20:50.843Z [info] [track_721061572_1] Download at 66%
2022-07-07T15:20:50.871Z [info] [track_721061572_1] Download at 68%
2022-07-07T15:20:51.030Z [info] [track_721061572_1] Download at 70%
2022-07-07T15:20:51.266Z [info] [track_721061572_1] Download at 72%
2022-07-07T15:20:51.415Z [info] [track_721061572_1] Download at 74%
2022-07-07T15:20:51.438Z [info] [track_721061572_1] Download at 76%
2022-07-07T15:20:51.562Z [info] [track_721061572_1] Download at 78%
2022-07-07T15:20:51.712Z [info] [track_721061572_1] Download at 80%
2022-07-07T15:20:51.855Z [info] [track_721061572_1] Download at 82%
2022-07-07T15:20:51.941Z [info] [track_721061572_1] Download at 84%
2022-07-07T15:20:52.080Z [info] [track_721061572_1] Download at 86%
2022-07-07T15:20:52.275Z [info] [track_721061572_1] Download at 88%
2022-07-07T15:20:52.417Z [info] [track_721061572_1] Download at 90%
2022-07-07T15:20:52.574Z [info] [track_721061572_1] Download at 92%
2022-07-07T15:20:52.710Z [info] [track_721061572_1] Download at 94%
2022-07-07T15:20:52.888Z [info] [track_721061572_1] Download at 96%
2022-07-07T15:20:53.081Z [info] [track_721061572_1] Download at 98%
2022-07-07T15:20:53.334Z [info] [track_721061572_1] Download at 100%
2022-07-07T15:20:53.345Z [info] [track_721061572_1] Asim Azhar - Ghalat Fehmi (From "Superstar") :: Track downloaded.
2022-07-07T15:20:53.345Z [info] [track_721061572_1] Asim Azhar - Ghalat Fehmi (From "Superstar") :: Tagging track.
2022-07-07T15:20:53.418Z [info] [track_721061572_1] Asim Azhar - Ghalat Fehmi (From "Superstar") :: Track tagged.
2022-07-07T15:20:53.418Z [info] [track_721061572_1] Completed download of Asim Azhar - Ghalat Fehmi (From _Superstar_).mp3
2022-07-07T15:20:53.419Z [info] [track_721061572_1] Finished downloading
2022-07-07T15:20:53.420Z [info] 
